UseOpenCVwithCMake/app/build/intermediates/manifest_merge_blame_file/debug/manifest-merger-blame-debug-report.txt
1<?xml version="1.0" encoding="utf-8"?>
2<manifest xmlns:android="http://schemas.android.com/apk/res/android"
3    package="com.cookandroid.useopencvwithcmake"
4    android:versionCode="1"
5    android:versionName="1.0" >
6
7    <uses-sdk
8        android:minSdkVersion="21"
8-->src\main\AndroidManifest.xml
9        android:targetSdkVersion="31" />
9-->src\main\AndroidManifest.xml
10
11    <uses-permission android:name="android.permission.CAMERA" />
11-->src\main\AndroidManifest.xml:5:5-64
11-->src\main\AndroidManifest.xml:5:22-62
12
13    <uses-feature
13-->src\main\AndroidManifest.xml:6:5-84
14        android:name="android.hardware.camera"
14-->src\main\AndroidManifest.xml:6:19-57
15        android:required="false" />
15-->src\main\AndroidManifest.xml:6:58-82
16    <uses-feature
16-->src\main\AndroidManifest.xml:7:5-94
17        android:name="android.hardware.camera.autofocus"
17-->src\main\AndroidManifest.xml:7:19-67
18        android:required="false" />
18-->src\main\AndroidManifest.xml:7:68-92
19    <uses-feature
19-->src\main\AndroidManifest.xml:8:5-90
20        android:name="android.hardware.camera.front"
20-->src\main\AndroidManifest.xml:8:19-63
21        android:required="false" />
21-->src\main\AndroidManifest.xml:8:64-88
22    <uses-feature
22-->src\main\AndroidManifest.xml:9:5-101
23        android:name="android.hardware.camera.front.autofocus"
23-->src\main\AndroidManifest.xml:9:19-73
24        android:required="false" />
24-->src\main\AndroidManifest.xml:9:75-99
25
26    <supports-screens
26-->src\main\AndroidManifest.xml:11:5-15:37
27        android:anyDensity="true"
27-->src\main\AndroidManifest.xml:15:9-34
28        android:largeScreens="true"
28-->src\main\AndroidManifest.xml:14:9-36
29        android:normalScreens="true"
29-->src\main\AndroidManifest.xml:13:9-37
30        android:resizeable="true"
30-->src\main\AndroidManifest.xml:11:23-48
31        android:smallScreens="true" />
31-->src\main\AndroidManifest.xml:12:9-36
32
33    <application
33-->src\main\AndroidManifest.xml:17:5-35:19
34        android:allowBackup="true"
34-->src\main\AndroidManifest.xml:18:9-35
35        android:appComponentFactory="androidx.core.app.CoreComponentFactory"
35-->[androidx.core:core:1.7.0] AndroidManifest.xml:24:18-86
36        android:debuggable="true"
37        android:icon="@mipmap/ic_launcher"
37-->src\main\AndroidManifest.xml:19:9-43
38        android:label="@string/app_name"
38-->src\main\AndroidManifest.xml:20:9-41
39        android:roundIcon="@mipmap/ic_launcher_round"
39-->src\main\AndroidManifest.xml:21:9-54
40        android:supportsRtl="true"
40-->src\main\AndroidManifest.xml:22:9-35
41        android:testOnly="true"
42        android:theme="@style/Theme.UseOpenCVWithCMake" >
42-->src\main\AndroidManifest.xml:23:9-56
43        <activity
43-->src\main\AndroidManifest.xml:24:9-34:20
44            android:name="com.cookandroid.useopencvwithcmake.MainActivity"
44-->src\main\AndroidManifest.xml:25:13-41
45            android:configChanges="keyboardHidden|orientation"
45-->src\main\AndroidManifest.xml:27:13-63
46            android:exported="true"
46-->src\main\AndroidManifest.xml:28:13-36
47            android:screenOrientation="landscape" >
47-->src\main\AndroidManifest.xml:26:13-50
48            <intent-filter>
48-->src\main\AndroidManifest.xml:29:13-33:29
49                <action android:name="android.intent.action.MAIN" />
49-->src\main\AndroidManifest.xml:30:17-69
49-->src\main\AndroidManifest.xml:30:25-66
50
51                <category android:name="android.intent.category.LAUNCHER" />
51-->src\main\AndroidManifest.xml:32:17-77
51-->src\main\AndroidManifest.xml:32:27-74
52            </intent-filter>
53        </activity>
54
55        <provider
55-->[androidx.emoji2:emoji2:1.0.0] AndroidManifest.xml:26:9-34:20
56            android:name="androidx.startup.InitializationProvider"
56-->[androidx.emoji2:emoji2:1.0.0] AndroidManifest.xml:27:13-67
57            android:authorities="com.cookandroid.useopencvwithcmake.androidx-startup"
57-->[androidx.emoji2:emoji2:1.0.0] AndroidManifest.xml:28:13-68
58            android:exported="false" >
58-->[androidx.emoji2:emoji2:1.0.0] AndroidManifest.xml:29:13-37
59            <meta-data
59-->[androidx.emoji2:emoji2:1.0.0] AndroidManifest.xml:31:13-33:52
60                android:name="androidx.emoji2.text.EmojiCompatInitializer"
60-->[androidx.emoji2:emoji2:1.0.0] AndroidManifest.xml:32:17-75
61                android:value="androidx.startup" />
61-->[androidx.emoji2:emoji2:1.0.0] AndroidManifest.xml:33:17-49
62            <meta-data
62-->[androidx.lifecycle:lifecycle-process:2.4.0] AndroidManifest.xml:31:13-33:52
63                android:name="androidx.lifecycle.ProcessLifecycleInitializer"
63-->[androidx.lifecycle:lifecycle-process:2.4.0] AndroidManifest.xml:32:17-78
64                android:value="androidx.startup" />
64-->[androidx.lifecycle:lifecycle-process:2.4.0] AndroidManifest.xml:33:17-49
65        </provider>
66    </application>
67
68</manifest>